app/build/intermediates/manifest_merge_blame_file/debug/manifest-merger-blame-debug-report.txt
1<?xml version="1.0" encoding="utf-8"?>
2<manifest xmlns:android="http://schemas.android.com/apk/res/android"
3    package="com.example.monprofil"
4    android:versionCode="1"
5    android:versionName="1.0" >
6
7    <uses-sdk
8        android:minSdkVersion="23"
8-->src\main\AndroidManifest.xml
9        android:targetSdkVersion="33" />
9-->src\main\AndroidManifest.xml
10
11    <uses-permission android:name="android.permission.INTERNET" />
11-->src\main\AndroidManifest.xml:6:5-67
11-->src\main\AndroidManifest.xml:6:22-64
12
13    <application
13-->src\main\AndroidManifest.xml:7:5-27:19
14        android:allowBackup="true"
14-->src\main\AndroidManifest.xml:8:9-35
15        android:appComponentFactory="androidx.core.app.CoreComponentFactory"
15-->[androidx.core:core:1.8.0] AndroidManifest.xml:24:18-86
16        android:dataExtractionRules="@xml/data_extraction_rules"
16-->src\main\AndroidManifest.xml:9:9-65
17        android:debuggable="true"
18        android:extractNativeLibs="false"
19        android:fullBackupContent="@xml/backup_rules"
19-->src\main\AndroidManifest.xml:10:9-54
20        android:icon="@mipmap/ic_launcher"
20-->src\main\AndroidManifest.xml:11:9-43
21        android:label="@string/app_name"
21-->src\main\AndroidManifest.xml:12:9-41
22        android:roundIcon="@mipmap/ic_launcher_round"
22-->src\main\AndroidManifest.xml:13:9-54
23        android:supportsRtl="true"
23-->src\main\AndroidManifest.xml:14:9-35
24        android:testOnly="true"
25        android:theme="@style/Theme.MonProfil" >
25-->src\main\AndroidManifest.xml:15:9-47
26        <activity
26-->src\main\AndroidManifest.xml:17:9-26:20
27            android:name="com.example.monprofil.MainActivity"
27-->src\main\AndroidManifest.xml:18:13-41
28            android:exported="true"
28-->src\main\AndroidManifest.xml:19:13-36
29            android:label="@string/app_name"
29-->src\main\AndroidManifest.xml:20:13-45
30            android:theme="@style/Theme.MonProfil" >
30-->src\main\AndroidManifest.xml:21:13-51
31            <intent-filter>
31-->src\main\AndroidManifest.xml:22:13-25:29
32                <action android:name="android.intent.action.MAIN" />
32-->src\main\AndroidManifest.xml:23:17-69
32-->src\main\AndroidManifest.xml:23:25-66
33
34                <category android:name="android.intent.category.LAUNCHER" />
34-->src\main\AndroidManifest.xml:24:17-77
34-->src\main\AndroidManifest.xml:24:27-74
35            </intent-filter>
36        </activity>
37
38        <uses-library
38-->[androidx.window:window:1.1.0-alpha02] AndroidManifest.xml:25:9-27:40
39            android:name="androidx.window.extensions"
39-->[androidx.window:window:1.1.0-alpha02] AndroidManifest.xml:26:13-54
40            android:required="false" />
40-->[androidx.window:window:1.1.0-alpha02] AndroidManifest.xml:27:13-37
41        <uses-library
41-->[androidx.window:window:1.1.0-alpha02] AndroidManifest.xml:28:9-30:40
42            android:name="androidx.window.sidecar"
42-->[androidx.window:window:1.1.0-alpha02] AndroidManifest.xml:29:13-51
43            android:required="false" />
43-->[androidx.window:window:1.1.0-alpha02] AndroidManifest.xml:30:13-37
44
45        <activity
45-->[androidx.compose.ui:ui-test-manifest:1.1.1] AndroidManifest.xml:25:9-27:39
46            android:name="androidx.activity.ComponentActivity"
46-->[androidx.compose.ui:ui-test-manifest:1.1.1] AndroidManifest.xml:26:13-63
47            android:exported="true" />
47-->[androidx.compose.ui:ui-test-manifest:1.1.1] AndroidManifest.xml:27:13-36
48        <activity
48-->[androidx.compose.ui:ui-tooling:1.1.1] AndroidManifest.xml:25:9-27:39
49            android:name="androidx.compose.ui.tooling.PreviewActivity"
49-->[androidx.compose.ui:ui-tooling:1.1.1] AndroidManifest.xml:26:13-71
50            android:exported="true" />
50-->[androidx.compose.ui:ui-tooling:1.1.1] AndroidManifest.xml:27:13-36
51
52        <provider
52-->[androidx.profileinstaller:profileinstaller:1.2.0] AndroidManifest.xml:25:9-33:20
53            android:name="androidx.startup.InitializationProvider"
53-->[androidx.profileinstaller:profileinstaller:1.2.0] AndroidManifest.xml:26:13-67
54            android:authorities="com.example.monprofil.androidx-startup"
54-->[androidx.profileinstaller:profileinstaller:1.2.0] AndroidManifest.xml:27:13-68
55            android:exported="false" >
55-->[androidx.profileinstaller:profileinstaller:1.2.0] AndroidManifest.xml:28:13-37
56            <meta-data
56-->[androidx.profileinstaller:profileinstaller:1.2.0] AndroidManifest.xml:30:13-32:52
57                android:name="androidx.profileinstaller.ProfileInstallerInitializer"
57-->[androidx.profileinstaller:profileinstaller:1.2.0] AndroidManifest.xml:31:17-85
58                android:value="androidx.startup" />
58-->[androidx.profileinstaller:profileinstaller:1.2.0] AndroidManifest.xml:32:17-49
59        </provider>
60
61        <receiver
61-->[androidx.profileinstaller:profileinstaller:1.2.0] AndroidManifest.xml:35:9-47:20
62            android:name="androidx.profileinstaller.ProfileInstallReceiver"
62-->[androidx.profileinstaller:profileinstaller:1.2.0] AndroidManifest.xml:36:13-76
63            android:directBootAware="false"
63-->[androidx.profileinstaller:profileinstaller:1.2.0] AndroidManifest.xml:37:13-44
64            android:enabled="true"
64-->[androidx.profileinstaller:profileinstaller:1.2.0] AndroidManifest.xml:38:13-35
65            android:exported="true"
65-->[androidx.profileinstaller:profileinstaller:1.2.0] AndroidManifest.xml:39:13-36
66            android:permission="android.permission.DUMP" >
66-->[androidx.profileinstaller:profileinstaller:1.2.0] AndroidManifest.xml:40:13-57
67            <intent-filter>
67-->[androidx.profileinstaller:profileinstaller:1.2.0] AndroidManifest.xml:41:13-43:29
68                <action android:name="androidx.profileinstaller.action.INSTALL_PROFILE" />
68-->[androidx.profileinstaller:profileinstaller:1.2.0] AndroidManifest.xml:42:17-91
68-->[androidx.profileinstaller:profileinstaller:1.2.0] AndroidManifest.xml:42:25-88
69            </intent-filter>
70            <intent-filter>
70-->[androidx.profileinstaller:profileinstaller:1.2.0] AndroidManifest.xml:44:13-46:29
71                <action android:name="androidx.profileinstaller.action.SKIP_FILE" />
71-->[androidx.profileinstaller:profileinstaller:1.2.0] AndroidManifest.xml:45:17-85
71-->[androidx.profileinstaller:profileinstaller:1.2.0] AndroidManifest.xml:45:25-82
72            </intent-filter>
73        </receiver>
74    </application>
75
76</manifest>